**************************************************************
* Voltage Drop Report file

* Units:
*   Length Unit         : um
*   Length Scale        : 0.001
*   Voltage Unit        : mV
*
* Cell Name : GSIM
* Net Name   : VDD
* Number of Resistors: 334
* Threshold V: (min, max)=(5.479170 45.385841)
* Format: [left bottom right top] on Layer is voltage
*
[783150 496230 796220 498230] on METAL7 is 5.479
[782150 496230 783150 498230] on METAL7 is 5.479
[782150 496230 784150 498230] on VIA67 is 6.157
[782150 419295 784150 497230] on METAL6 is 11.975
[782150 497230 784150 508675] on METAL6 is 10.1
[782150 508675 784150 598055] on METAL6 is 24.526
[782150 507675 784150 509675] on VIA67 is 10.382
[783150 507675 784150 509675] on METAL7 is 10.382
[689410 507675 783150 509675] on METAL7 is 26.744
[599710 507675 689410 509675] on METAL7 is 35.61
[688410 507675 690410 509675] on VIA67 is 26.866
[688410 419295 690410 508675] on METAL6 is 26.866
[688410 508675 690410 598055] on METAL6 is 31.726
[688410 598055 690410 687435] on METAL6 is 35.288
[688410 597055 690410 599055] on VIA67 is 31.726
[689410 597055 783150 599055] on METAL7 is 31.708
[599710 597055 689410 599055] on METAL7 is 37.426
[510010 597055 599710 599055] on METAL7 is 41.119
[598710 597055 600710 599055] on VIA67 is 37.463
[598710 508675 600710 598055] on METAL6 is 37.463
[598710 598055 600710 687435] on METAL6 is 38.949
[598710 687435 600710 781000] on METAL6 is 39.126
[598710 686435 600710 688435] on VIA67 is 38.949
[599710 686435 689410 688435] on METAL7 is 38.931
[510010 686435 599710 688435] on METAL7 is 41.545
[420770 686435 510010 688435] on METAL7 is 42.636
[509010 686435 511010 688435] on VIA67 is 41.572
[509010 598055 511010 687435] on METAL6 is 41.572
[509010 687435 511010 781000] on METAL6 is 41.572
[509010 781000 511010 782000] on METAL6 is 41.156
[509010 780000 511010 782000] on VIA67 is 41.156
[510010 780000 599710 782000] on METAL7 is 41.135
[420770 780000 510010 782000] on METAL7 is 41.966
[331070 780000 420770 782000] on METAL7 is 41.966
[419770 780000 421770 782000] on VIA67 is 41.992
[419770 687435 421770 781000] on METAL6 is 42.667
[419770 781000 421770 782000] on METAL6 is 41.992
[419770 598055 421770 687435] on METAL6 is 42.667
[419770 686435 421770 688435] on VIA67 is 42.667
[331070 686435 420770 688435] on METAL7 is 42.636
[241370 686435 331070 688435] on METAL7 is 42.012
[330070 686435 332070 688435] on VIA67 is 42.043
[330070 598055 332070 687435] on METAL6 is 42.043
[330070 687435 332070 781000] on METAL6 is 42.043
[330070 781000 332070 782000] on METAL6 is 41.399
[330070 780000 332070 782000] on VIA67 is 41.399
[241370 780000 331070 782000] on METAL7 is 41.374
[151670 780000 241370 782000] on METAL7 is 39.387
[240370 780000 242370 782000] on VIA67 is 39.406
[240370 687435 242370 781000] on METAL6 is 39.71
[240370 781000 242370 782000] on METAL6 is 39.406
[240370 598055 242370 687435] on METAL6 is 39.71
[240370 686435 242370 688435] on VIA67 is 39.71
[151670 686435 241370 688435] on METAL7 is 39.683
[61970 686435 151670 688435] on METAL7 is 35.872
[150670 686435 152670 688435] on VIA67 is 35.888
[150670 598055 152670 687435] on METAL6 is 35.888
[150670 687435 152670 781000] on METAL6 is 36.343
[150670 781000 152670 782000] on METAL6 is 36.343
[150670 780000 152670 782000] on VIA67 is 36.343
[61970 780000 151670 782000] on METAL7 is 36.337
[13310 780000 61970 782000] on METAL7 is 32.937
[60970 780000 62970 782000] on VIA67 is 32.937
[60970 687435 62970 781000] on METAL6 is 32.918
[60970 781000 62970 782000] on METAL6 is 32.918
[60970 598055 62970 687435] on METAL6 is 31.191
[60970 686435 62970 688435] on VIA67 is 31.207
[13310 686435 61970 688435] on METAL7 is 31.207
[12310 686435 13310 688435] on METAL7 is 29.184
[12310 686435 14310 688435] on VIA67 is 29.184
[12310 598055 14310 687435] on METAL6 is 29.117
[12310 687435 14310 781000] on METAL6 is 31.622
[12310 781000 14310 782000] on METAL6 is 31.622
[12310 780000 14310 782000] on VIA67 is 31.665
[12310 780000 13310 782000] on METAL7 is 31.665
[12310 508675 14310 598055] on METAL6 is 22.809
[12310 597055 14310 599055] on VIA67 is 22.935
[13310 597055 61970 599055] on METAL7 is 26.744
[12310 597055 13310 599055] on METAL7 is 22.935
[61970 597055 151670 599055] on METAL7 is 33.879
[60970 597055 62970 599055] on VIA67 is 26.744
[60970 508675 62970 598055] on METAL6 is 26.742
[60970 419295 62970 508675] on METAL6 is 20.519
[60970 507675 62970 509675] on VIA67 is 20.419
[61970 507675 151670 509675] on METAL7 is 31.544
[13310 507675 61970 509675] on METAL7 is 20.27
[12310 507675 13310 509675] on METAL7 is 9.671
[12310 507675 14310 509675] on VIA67 is 9.671
[12310 500450 14310 508675] on METAL6 is 9.319
[12310 419295 14310 500450] on METAL6 is 12.19
[12310 499450 14310 501450] on VIA67 is 6.269
[13310 499450 14310 501450] on METAL7 is 5.552
[800 499450 13310 501450] on METAL7 is 5.552
[12310 349100 14310 419295] on METAL6 is 12.19
[12310 418295 14310 420295] on VIA67 is 12.455
[13310 418295 61970 420295] on METAL7 is 20.452
[12310 418295 13310 420295] on METAL7 is 12.455
[61970 418295 151670 420295] on METAL7 is 31.451
[60970 418295 62970 420295] on VIA67 is 20.519
[60970 329915 62970 419295] on METAL6 is 22.563
[60970 240535 62970 329915] on METAL6 is 29.953
[60970 328915 62970 330915] on VIA67 is 22.563
[61970 328915 151670 330915] on METAL7 is 33.067
[13310 328915 61970 330915] on METAL7 is 22.434
[12310 328915 13310 330915] on METAL7 is 12.773
[12310 328915 14310 330915] on VIA67 is 12.773
[12310 240535 14310 329915] on METAL6 is 26.321
[12310 329915 14310 349100] on METAL6 is 12.452
[13310 348100 14310 350100] on METAL6 is 5.623
[800 348100 13310 350100] on METAL6 is 5.623
[12310 151155 14310 240535] on METAL6 is 33.53
[12310 239535 14310 241535] on VIA67 is 26.438
[13310 239535 61970 241535] on METAL7 is 29.955
[12310 239535 13310 241535] on METAL7 is 26.438
[61970 239535 151670 241535] on METAL7 is 36.563
[60970 239535 62970 241535] on VIA67 is 29.955
[60970 151155 62970 240535] on METAL6 is 35.403
[60970 62185 62970 151155] on METAL6 is 38.301
[60970 150155 62970 152155] on VIA67 is 35.417
[61970 150155 151670 152155] on METAL7 is 39.547
[13310 150155 61970 152155] on METAL7 is 35.417
[12310 150155 13310 152155] on METAL7 is 33.591
[12310 150155 14310 152155] on VIA67 is 33.591
[12310 62185 14310 151155] on METAL6 is 37.175
[12310 13310 14310 62185] on METAL6 is 37.984
[12310 61185 14310 63185] on VIA67 is 37.211
[13310 61185 61970 63185] on METAL7 is 38.313
[12310 61185 13310 63185] on METAL7 is 37.211
[61970 61185 151670 63185] on METAL7 is 41.007
[60970 61185 62970 63185] on VIA67 is 38.313
[60970 13310 62970 62185] on METAL6 is 38.796
[60970 12310 62970 13310] on METAL6 is 38.796
[60970 12310 62970 14310] on VIA67 is 38.809
[61970 12310 151670 14310] on METAL7 is 41.03
[13310 12310 61970 14310] on METAL7 is 38.809
[12310 12310 13310 14310] on METAL7 is 38.011
[12310 12310 14310 14310] on VIA67 is 38.011
[12310 12310 14310 13310] on METAL6 is 37.984
[151670 12310 241370 14310] on METAL7 is 43.081
[150670 12310 152670 14310] on VIA67 is 41.033
[150670 12310 152670 13310] on METAL6 is 41.033
[150670 13310 152670 62185] on METAL6 is 41.033
[150670 62185 152670 151155] on METAL6 is 41.014
[150670 61185 152670 63185] on VIA67 is 41.014
[151670 61185 241370 63185] on METAL7 is 43.341
[241370 61185 331070 63185] on METAL7 is 44.858
[240370 61185 242370 63185] on VIA67 is 43.356
[240370 13310 242370 62185] on METAL6 is 43.356
[240370 62185 242370 151155] on METAL6 is 43.356
[240370 151155 242370 240535] on METAL6 is 42.868
[240370 150155 242370 152155] on VIA67 is 42.868
[241370 150155 331070 152155] on METAL7 is 44.846
[151670 150155 241370 152155] on METAL7 is 42.844
[150670 150155 152670 152155] on VIA67 is 39.562
[150670 151155 152670 240535] on METAL6 is 39.562
[150670 240535 152670 329915] on METAL6 is 36.596
[150670 239535 152670 241535] on VIA67 is 36.596
[151670 239535 241370 241535] on METAL7 is 41.317
[241370 239535 331070 241535] on METAL7 is 43.993
[240370 239535 242370 241535] on VIA67 is 41.354
[240370 240535 242370 329915] on METAL6 is 41.354
[240370 329915 242370 419295] on METAL6 is 39.555
[240370 328915 242370 330915] on VIA67 is 39.555
[241370 328915 331070 330915] on METAL7 is 42.852
[151670 328915 241370 330915] on METAL7 is 39.5
[150670 328915 152670 330915] on VIA67 is 33.143
[150670 329915 152670 419295] on METAL6 is 33.143
[150670 419295 152670 508675] on METAL6 is 31.626
[150670 418295 152670 420295] on VIA67 is 31.524
[151670 418295 241370 420295] on METAL7 is 38.391
[241370 418295 331070 420295] on METAL7 is 42.027
[240370 418295 242370 420295] on VIA67 is 38.451
[240370 419295 242370 508675] on METAL6 is 38.451
[240370 508675 242370 598055] on METAL6 is 39.064
[240370 507675 242370 509675] on VIA67 is 38.316
[241370 507675 331070 509675] on METAL7 is 41.768
[151670 507675 241370 509675] on METAL7 is 38.259
[150670 507675 152670 509675] on VIA67 is 31.626
[150670 508675 152670 598055] on METAL6 is 33.915
[150670 597055 152670 599055] on VIA67 is 33.915
[151670 597055 241370 599055] on METAL7 is 39.024
[241370 597055 331070 599055] on METAL7 is 41.932
[240370 597055 242370 599055] on VIA67 is 39.064
[331070 597055 420770 599055] on METAL7 is 42.621
[330070 597055 332070 599055] on VIA67 is 41.972
[330070 508675 332070 598055] on METAL6 is 41.972
[330070 419295 332070 508675] on METAL6 is 42.079
[330070 507675 332070 509675] on VIA67 is 41.818
[331070 507675 420770 509675] on METAL7 is 42.505
[420770 507675 510010 509675] on METAL7 is 42.505
[419770 507675 421770 509675] on VIA67 is 42.554
[419770 419295 421770 508675] on METAL6 is 42.814
[419770 508675 421770 598055] on METAL6 is 42.66
[419770 597055 421770 599055] on VIA67 is 42.66
[420770 597055 510010 599055] on METAL7 is 42.621
[509010 597055 511010 599055] on VIA67 is 41.158
[509010 508675 511010 598055] on METAL6 is 41.158
[509010 419295 511010 508675] on METAL6 is 40.722
[509010 507675 511010 509675] on VIA67 is 40.613
[510010 507675 599710 509675] on METAL7 is 40.559
[598710 507675 600710 509675] on VIA67 is 35.68
[598710 419295 600710 508675] on METAL6 is 35.68
[598710 329915 600710 419295] on METAL6 is 36.764
[598710 418295 600710 420295] on VIA67 is 35.481
[599710 418295 689410 420295] on METAL7 is 35.412
[510010 418295 599710 420295] on METAL7 is 40.666
[420770 418295 510010 420295] on METAL7 is 42.762
[509010 418295 511010 420295] on VIA67 is 40.722
[509010 329915 511010 419295] on METAL6 is 41.645
[509010 240535 511010 329915] on METAL6 is 43.152
[509010 328915 511010 330915] on VIA67 is 41.645
[510010 328915 599710 330915] on METAL7 is 41.592
[420770 328915 510010 330915] on METAL7 is 43.535
[331070 328915 420770 330915] on METAL7 is 43.535
[419770 328915 421770 330915] on VIA67 is 43.582
[419770 240535 421770 329915] on METAL6 is 44.629
[419770 329915 421770 419295] on METAL6 is 43.582
[419770 418295 421770 420295] on VIA67 is 42.814
[331070 418295 420770 420295] on METAL7 is 42.762
[330070 418295 332070 420295] on VIA67 is 42.079
[330070 329915 332070 419295] on METAL6 is 42.9
[330070 240535 332070 329915] on METAL6 is 44.03
[330070 328915 332070 330915] on VIA67 is 42.9
[330070 151155 332070 240535] on METAL6 is 44.873
[330070 239535 332070 241535] on VIA67 is 44.03
[331070 239535 420770 241535] on METAL7 is 44.591
[420770 239535 510010 241535] on METAL7 is 44.591
[419770 239535 421770 241535] on VIA67 is 44.629
[419770 151155 421770 240535] on METAL6 is 45.386
[419770 62185 421770 151155] on METAL6 is 45.386
[419770 150155 421770 152155] on VIA67 is 45.386
[420770 150155 510010 152155] on METAL7 is 45.359
[331070 150155 420770 152155] on METAL7 is 45.359
[330070 150155 332070 152155] on VIA67 is 44.873
[330070 62185 332070 151155] on METAL6 is 44.877
[330070 13310 332070 62185] on METAL6 is 44.877
[330070 61185 332070 63185] on VIA67 is 44.877
[331070 61185 420770 63185] on METAL7 is 45.321
[420770 61185 510010 63185] on METAL7 is 45.321
[419770 61185 421770 63185] on VIA67 is 45.34
[419770 13310 421770 62185] on METAL6 is 45.34
[419770 12310 421770 13310] on METAL6 is 44.918
[419770 12310 421770 14310] on VIA67 is 44.918
[420770 12310 510010 14310] on METAL7 is 44.901
[331070 12310 420770 14310] on METAL7 is 44.901
[241370 12310 331070 14310] on METAL7 is 44.458
[330070 12310 332070 14310] on VIA67 is 44.475
[330070 12310 332070 13310] on METAL6 is 44.475
[240370 12310 242370 14310] on VIA67 is 43.093
[240370 12310 242370 13310] on METAL6 is 43.093
[510010 12310 599710 14310] on METAL7 is 44.378
[509010 12310 511010 14310] on VIA67 is 44.392
[509010 12310 511010 13310] on METAL6 is 44.392
[509010 13310 511010 62185] on METAL6 is 44.713
[509010 62185 511010 151155] on METAL6 is 44.713
[509010 61185 511010 63185] on VIA67 is 44.713
[510010 61185 599710 63185] on METAL7 is 44.697
[599710 61185 689410 63185] on METAL7 is 43.162
[598710 61185 600710 63185] on VIA67 is 43.171
[598710 13310 600710 62185] on METAL6 is 43.171
[598710 62185 600710 151155] on METAL6 is 43.171
[598710 151155 600710 240535] on METAL6 is 42.057
[598710 150155 600710 152155] on VIA67 is 42.057
[599710 150155 689410 152155] on METAL7 is 42.04
[510010 150155 599710 152155] on METAL7 is 44.384
[509010 150155 511010 152155] on VIA67 is 44.409
[509010 151155 511010 240535] on METAL6 is 44.409
[509010 239535 511010 241535] on VIA67 is 43.152
[510010 239535 599710 241535] on METAL7 is 43.114
[599710 239535 689410 241535] on METAL7 is 39.547
[598710 239535 600710 241535] on VIA67 is 39.582
[598710 240535 600710 329915] on METAL6 is 39.582
[598710 328915 600710 330915] on VIA67 is 36.764
[599710 328915 689410 330915] on METAL7 is 36.695
[689410 328915 783150 330915] on METAL7 is 27.927
[688410 328915 690410 330915] on VIA67 is 28.049
[688410 240535 690410 329915] on METAL6 is 34.026
[688410 329915 690410 419295] on METAL6 is 28.049
[688410 418295 690410 420295] on VIA67 is 26.423
[689410 418295 783150 420295] on METAL7 is 26.342
[783150 418295 784150 420295] on METAL7 is 12.218
[782150 418295 784150 420295] on VIA67 is 12.218
[782150 345880 784150 419295] on METAL6 is 11.975
[782150 329915 784150 345880] on METAL6 is 11.431
[783150 344880 796220 346880] on METAL6 is 5.754
[782150 344880 783150 346880] on METAL6 is 5.754
[782150 240535 784150 329915] on METAL6 is 26.96
[782150 328915 784150 330915] on VIA67 is 11.71
[783150 328915 784150 330915] on METAL7 is 11.71
[782150 151155 784150 240535] on METAL6 is 35.107
[782150 239535 784150 241535] on VIA67 is 27.08
[783150 239535 784150 241535] on METAL7 is 27.08
[689410 239535 783150 241535] on METAL7 is 34.006
[688410 239535 690410 241535] on VIA67 is 34.026
[688410 151155 690410 240535] on METAL6 is 38.727
[688410 62185 690410 151155] on METAL6 is 41.126
[688410 150155 690410 152155] on VIA67 is 38.727
[689410 150155 783150 152155] on METAL7 is 38.726
[783150 150155 784150 152155] on METAL7 is 35.169
[782150 150155 784150 152155] on VIA67 is 35.169
[782150 62185 784150 151155] on METAL6 is 39.082
[782150 13310 784150 62185] on METAL6 is 39.882
[782150 61185 784150 63185] on VIA67 is 39.117
[783150 61185 784150 63185] on METAL7 is 39.117
[689410 61185 783150 63185] on METAL7 is 41.128
[688410 61185 690410 63185] on VIA67 is 41.128
[688410 13310 690410 62185] on METAL6 is 41.377
[688410 12310 690410 13310] on METAL6 is 41.377
[688410 12310 690410 14310] on VIA67 is 41.382
[689410 12310 783150 14310] on METAL7 is 41.382
[599710 12310 689410 14310] on METAL7 is 43.07
[598710 12310 600710 14310] on VIA67 is 43.077
[598710 12310 600710 13310] on METAL6 is 43.077
[783150 12310 784150 14310] on METAL7 is 39.908
[782150 12310 784150 14310] on VIA67 is 39.908
[782150 12310 784150 13310] on METAL6 is 39.882
[599710 780000 689410 782000] on METAL7 is 39.115
[598710 780000 600710 782000] on VIA67 is 39.126
[598710 781000 600710 782000] on METAL6 is 39.126
[689410 780000 783150 782000] on METAL7 is 36.492
[688410 780000 690410 782000] on VIA67 is 36.492
[688410 687435 690410 781000] on METAL6 is 36.485
[688410 781000 690410 782000] on METAL6 is 36.485
[688410 686435 690410 688435] on VIA67 is 35.288
[689410 686435 783150 688435] on METAL7 is 35.288
[783150 686435 784150 688435] on METAL7 is 31.503
[782150 686435 784150 688435] on VIA67 is 31.503
[782150 598055 784150 687435] on METAL6 is 31.438
[782150 687435 784150 781000] on METAL6 is 34.082
[782150 781000 784150 782000] on METAL6 is 34.082
[782150 780000 784150 782000] on VIA67 is 34.123
[783150 780000 784150 782000] on METAL7 is 34.123
[782150 597055 784150 599055] on VIA67 is 24.647
[783150 597055 784150 599055] on METAL7 is 24.647
